Determining if the pthread_create exist failed with the following output:
Change Dir: /home/sl/workspace/catkin_lio_sam/src/LIO-SAM/build/CMakeFiles/CMakeTmp

Run Build Command:"/usr/bin/ninja" "cmTC_e017b"
[1/2] Building C object CMakeFiles/cmTC_e017b.dir/CheckSymbolExists.c.o
[2/2] Linking C executable cmTC_e017b
FAILED: cmTC_e017b 
: && /usr/bin/gcc-7   -rdynamic CMakeFiles/cmTC_e017b.dir/CheckSymbolExists.c.o  -o cmTC_e017b   && :
CMakeFiles/cmTC_e017b.dir/CheckSymbolExists.c.o: In function `main':
CheckSymbolExists.c:(.text+0x1b): undefined reference to `pthread_create'
collect2: error: ld returned 1 exit status
ninja: build stopped: subcommand failed.

File /home/sl/workspace/catkin_lio_sam/src/LIO-SAM/build/CMakeFiles/CMakeTmp/CheckSymbolExists.c:
/* */
#include <pthread.h>

int main(int argc, char** argv)
{
  (void)argv;
#ifndef pthread_create
  return ((int*)(&pthread_create))[argc];
#else
  (void)argc;
  return 0;
#endif
}

Determining if the function pthread_create exists in the pthreads failed with the following output:
Change Dir: /home/sl/workspace/catkin_lio_sam/src/LIO-SAM/build/CMakeFiles/CMakeTmp

Run Build Command:"/usr/bin/ninja" "cmTC_5c4ae"
[1/2] Building C object CMakeFiles/cmTC_5c4ae.dir/CheckFunctionExists.c.o
[2/2] Linking C executable cmTC_5c4ae
FAILED: cmTC_5c4ae 
: && /usr/bin/gcc-7 -DCHECK_FUNCTION_EXISTS=pthread_create  -rdynamic CMakeFiles/cmTC_5c4ae.dir/CheckFunctionExists.c.o  -o cmTC_5c4ae  -lpthreads && :
/usr/bin/ld: cannot find -lpthreads
collect2: error: ld returned 1 exit status
ninja: build stopped: subcommand failed.


